2023-02-03 08:39:31 [HikariPool-1 housekeeper] WARN  : HikariPool-1 - Thread starvation or clock leap detected (housekeeper delta=46s10ms906µs500ns).
2023-02-03 08:41:47 [AsyncResolver-bootstrap-executor-0] INFO  : Resolving eureka endpoints via configuration
2023-02-03 08:44:43 [http-nio-4000-exec-1] INFO  : Initializing Spring DispatcherServlet 'dispatcherServlet'
2023-02-03 08:44:43 [http-nio-4000-exec-1] INFO  : Initializing Servlet 'dispatcherServlet'
2023-02-03 08:44:43 [http-nio-4000-exec-1] INFO  : Completed initialization in 4 ms
2023-02-03 08:44:43 [http-nio-4000-exec-1] INFO  : Inside the CustomerService and getAllCustomer Method
2023-02-03 08:44:46 [http-nio-4000-exec-2] INFO  : Inside the CustomerService and getAllCustomer Method
2023-02-03 08:46:47 [AsyncResolver-bootstrap-executor-0] INFO  : Resolving eureka endpoints via configuration
2023-02-03 08:51:48 [AsyncResolver-bootstrap-executor-0] INFO  : Resolving eureka endpoints via configuration
2023-02-03 08:56:48 [AsyncResolver-bootstrap-executor-0] INFO  : Resolving eureka endpoints via configuration
2023-02-03 09:01:48 [AsyncResolver-bootstrap-executor-0] INFO  : Resolving eureka endpoints via configuration
2023-02-03 09:10:49 [AsyncResolver-bootstrap-executor-0] INFO  : Resolving eureka endpoints via configuration
2023-02-03 09:15:49 [AsyncResolver-bootstrap-executor-0] INFO  : Resolving eureka endpoints via configuration
2023-02-03 09:20:49 [AsyncResolver-bootstrap-executor-0] INFO  : Resolving eureka endpoints via configuration
2023-02-03 09:25:49 [AsyncResolver-bootstrap-executor-0] INFO  : Resolving eureka endpoints via configuration
2023-02-03 09:30:49 [AsyncResolver-bootstrap-executor-0] INFO  : Resolving eureka endpoints via configuration
2023-02-03 09:35:49 [AsyncResolver-bootstrap-executor-0] INFO  : Resolving eureka endpoints via configuration
2023-02-03 09:40:49 [AsyncResolver-bootstrap-executor-0] INFO  : Resolving eureka endpoints via configuration
2023-02-03 09:45:49 [AsyncResolver-bootstrap-executor-0] INFO  : Resolving eureka endpoints via configuration
2023-02-03 09:50:49 [AsyncResolver-bootstrap-executor-0] INFO  : Resolving eureka endpoints via configuration
2023-02-03 09:55:49 [AsyncResolver-bootstrap-executor-0] INFO  : Resolving eureka endpoints via configuration
2023-02-03 10:00:49 [AsyncResolver-bootstrap-executor-0] INFO  : Resolving eureka endpoints via configuration
2023-02-03 10:05:49 [AsyncResolver-bootstrap-executor-0] INFO  : Resolving eureka endpoints via configuration
2023-02-03 10:10:49 [AsyncResolver-bootstrap-executor-0] INFO  : Resolving eureka endpoints via configuration
2023-02-03 10:15:49 [AsyncResolver-bootstrap-executor-0] INFO  : Resolving eureka endpoints via configuration
2023-02-03 10:20:49 [AsyncResolver-bootstrap-executor-0] INFO  : Resolving eureka endpoints via configuration
2023-02-03 10:25:49 [AsyncResolver-bootstrap-executor-0] INFO  : Resolving eureka endpoints via configuration
